f:\gsd year 3\console programming\networking\winsockclient\winsockclient\debug\vc140.pdb
f:\gsd year 3\console programming\networking\winsockclient\winsockclient\debug\vc140.idb
f:\gsd year 3\console programming\networking\winsockclient\winsockclient\debug\main.obj
f:\gsd year 3\console programming\networking\winsockclient\winsockclient\debug\client.obj
f:\gsd year 3\console programming\networking\winsockclient\debug\winsockclient.ilk
f:\gsd year 3\console programming\networking\winsockclient\debug\winsockclient.exe
f:\gsd year 3\console programming\networking\winsockclient\debug\winsockclient.pdb
f:\gsd year 3\console programming\_demo\chatroomnetworking\safe\winsockclient\winsockclient\debug\client.obj
f:\gsd year 3\console programming\_demo\chatroomnetworking\safe\winsockclient\winsockclient\debug\main.obj
f:\gsd year 3\console programming\_demo\chatroomnetworking\safe\winsockclient\winsockclient\debug\main.obj.enc
f:\gsd year 3\console programming\_demo\chatroomnetworking\safe\winsockclient\winsockclient\debug\vc140.idb
f:\gsd year 3\console programming\_demo\chatroomnetworking\safe\winsockclient\winsockclient\debug\vc140.pdb
f:\gsd year 3\console programming\_demo\chatroomnetworking\safe\winsockclient\debug\winsockclient.pdb
f:\gsd year 3\console programming\_demo\chatroomnetworking\safe\winsockclient\debug\winsockclient.exe
f:\gsd year 3\console programming\_demo\chatroomnetworking\safe\winsockclient\debug\winsockclient.ilk
f:\gsd year 3\console programming\_demo\chatroomnetworking\safe\winsockclient\winsockclient\debug\winsockclient.tlog\cl.command.1.tlog
f:\gsd year 3\console programming\_demo\chatroomnetworking\safe\winsockclient\winsockclient\debug\winsockclient.tlog\cl.read.1.tlog
f:\gsd year 3\console programming\_demo\chatroomnetworking\safe\winsockclient\winsockclient\debug\winsockclient.tlog\cl.write.1.tlog
f:\gsd year 3\console programming\_demo\chatroomnetworking\safe\winsockclient\winsockclient\debug\winsockclient.tlog\link.command.1.tlog
f:\gsd year 3\console programming\_demo\chatroomnetworking\safe\winsockclient\winsockclient\debug\winsockclient.tlog\link.read.1.tlog
f:\gsd year 3\console programming\_demo\chatroomnetworking\safe\winsockclient\winsockclient\debug\winsockclient.tlog\link.write.1.tlog
